<!DOCTYPE html>
<html>
<head>
<meta http-equiv="Content-Type" content="text/html; charset=utf-8"/>
<meta http-equiv="x-ua-compatible" content="IE=edge"/>
<title>Test results - Class create user Utest.com for choucair login test</title>
<link href="../css/base-style.css" rel="stylesheet" type="text/css"/>
<link href="../css/style.css" rel="stylesheet" type="text/css"/>
<script src="../js/report.js" type="text/javascript"></script>
</head>
<body>
<div id="content">
<h1>Class create user Utest.com for choucair login test</h1>
<div class="breadcrumbs">
<a href="../index.html">all</a> &gt; 
<a href="../packages/create user Utest.html">create user Utest</a> &gt; com for choucair login test</div>
<div id="summary">
<table>
<tr>
<td>
<div class="summaryGroup">
<table>
<tr>
<td>
<div class="infoBox" id="tests">
<div class="counter">1</div>
<p>tests</p>
</div>
</td>
<td>
<div class="infoBox" id="failures">
<div class="counter">1</div>
<p>failures</p>
</div>
</td>
<td>
<div class="infoBox" id="ignored">
<div class="counter">0</div>
<p>ignored</p>
</div>
</td>
<td>
<div class="infoBox" id="duration">
<div class="counter">38.811s</div>
<p>duration</p>
</div>
</td>
</tr>
</table>
</div>
</td>
<td>
<div class="infoBox failures" id="successRate">
<div class="percent">0%</div>
<p>successful</p>
</div>
</td>
</tr>
</table>
</div>
<div id="tabs">
<ul class="tabLinks">
<li>
<a href="#tab0">Failed tests</a>
</li>
<li>
<a href="#tab1">Tests</a>
</li>
<li>
<a href="#tab2">Standard error</a>
</li>
</ul>
<div id="tab0" class="tab">
<h2>Failed tests</h2>
<div class="test">
<a name="Create new user in Utest.com"></a>
<h3 class="failures">Create new user in Utest.com</h3>
<span class="code">
<pre>org.openqa.selenium.ElementNotInteractableException: element not interactable
  (Session info: chrome=94.0.4606.81)
Build info: version: '3.141.59', revision: 'e82be7d358', time: '2018-11-14T08:17:03'
System info: host: 'CARLOSLOPEZ', ip: '172.29.96.1', os.name: 'Windows 10', os.arch: 'amd64', os.version: '10.0', java.version: '1.8.0_302'
Driver info: org.openqa.selenium.chrome.ChromeDriver
Capabilities {acceptInsecureCerts: false, browserName: chrome, browserVersion: 94.0.4606.81, chrome: {chromedriverVersion: 94.0.4606.41 (333e85df3c9b6..., userDataDir: C:\Users\CARLOS~1.LOP\AppDa...}, goog:chromeOptions: {debuggerAddress: localhost:65527}, javascriptEnabled: true, networkConnectionEnabled: false, pageLoadStrategy: normal, platform: WINDOWS, platformName: WINDOWS, proxy: Proxy(), setWindowRect: true, strictFileInteractability: false, timeouts: {implicit: 0, pageLoad: 300000, script: 30000}, unhandledPromptBehavior: dismiss and notify, webauthn:extension:credBlob: true, webauthn:extension:largeBlob: true, webauthn:virtualAuthenticators: true}
Session ID: 908a1d01eb2f47c215a5eab20fd28742
	at sun.reflect.NativeConstructorAccessorImpl.newInstance0(Native Method)
	at sun.reflect.NativeConstructorAccessorImpl.newInstance(NativeConstructorAccessorImpl.java:62)
	at sun.reflect.DelegatingConstructorAccessorImpl.newInstance(DelegatingConstructorAccessorImpl.java:45)
	at java.lang.reflect.Constructor.newInstance(Constructor.java:423)
	at org.openqa.selenium.remote.http.W3CHttpResponseCodec.createException(W3CHttpResponseCodec.java:187)
	at org.openqa.selenium.remote.http.W3CHttpResponseCodec.decode(W3CHttpResponseCodec.java:122)
	at org.openqa.selenium.remote.http.W3CHttpResponseCodec.decode(W3CHttpResponseCodec.java:49)
	at org.openqa.selenium.remote.HttpCommandExecutor.execute(HttpCommandExecutor.java:158)
	at org.openqa.selenium.remote.service.DriverCommandExecutor.execute(DriverCommandExecutor.java:83)
	at org.openqa.selenium.remote.RemoteWebDriver.execute(RemoteWebDriver.java:552)
	at org.openqa.selenium.remote.RemoteWebElement.execute(RemoteWebElement.java:285)
	at org.openqa.selenium.remote.RemoteWebElement.sendKeys(RemoteWebElement.java:106)
	at net.serenitybdd.core.pages.WebElementFacadeImpl.sendKeys(WebElementFacadeImpl.java:1293)
	at net.serenitybdd.screenplay.actions.SendKeysIntoTarget.performAs(SendKeysIntoTarget.java:18)
	at net.serenitybdd.screenplay.actions.SendKeysIntoTarget$ByteBuddy$Xaj7q2Lm.performAs$accessor$enNFSD1Y(Unknown Source)
	at sun.reflect.NativeMethodAccessorImpl.invoke0(Native Method)
	at sun.reflect.NativeMethodAccessorImpl.invoke(NativeMethodAccessorImpl.java:62)
	at sun.reflect.DelegatingMethodAccessorImpl.invoke(DelegatingMethodAccessorImpl.java:43)
	at java.lang.reflect.Method.invoke(Method.java:498)
	at net.thucydides.core.steps.StepInterceptor.invokeMethod(StepInterceptor.java:471)
	at net.thucydides.core.steps.StepInterceptor.executeTestStepMethod(StepInterceptor.java:451)
	at net.thucydides.core.steps.StepInterceptor.runTestStep(StepInterceptor.java:424)
	at net.thucydides.core.steps.StepInterceptor.runOrSkipMethod(StepInterceptor.java:180)
	at net.thucydides.core.steps.StepInterceptor.testStepResult(StepInterceptor.java:167)
	at net.thucydides.core.steps.StepInterceptor.intercept(StepInterceptor.java:75)
	at net.serenitybdd.screenplay.actions.SendKeysIntoTarget$ByteBuddy$Xaj7q2Lm.performAs(Unknown Source)
	at net.serenitybdd.screenplay.Actor.performTask(Actor.java:233)
	at net.serenitybdd.screenplay.Actor.perform(Actor.java:214)
	at net.serenitybdd.screenplay.Actor.attemptsTo(Actor.java:171)
	at co.com.choucair.certification.choucairPrueba.tasks.Location.performAs(Location.java:34)
	at co.com.choucair.certification.choucairPrueba.tasks.Location$ByteBuddy$g3gFxN9I.performAs$accessor$Qi3XetCm(Unknown Source)
	at sun.reflect.NativeMethodAccessorImpl.invoke0(Native Method)
	at sun.reflect.NativeMethodAccessorImpl.invoke(NativeMethodAccessorImpl.java:62)
	at sun.reflect.DelegatingMethodAccessorImpl.invoke(DelegatingMethodAccessorImpl.java:43)
	at java.lang.reflect.Method.invoke(Method.java:498)
	at net.thucydides.core.steps.StepInterceptor.invokeMethod(StepInterceptor.java:471)
	at net.thucydides.core.steps.StepInterceptor.executeTestStepMethod(StepInterceptor.java:451)
	at net.thucydides.core.steps.StepInterceptor.runTestStep(StepInterceptor.java:424)
	at net.thucydides.core.steps.StepInterceptor.runOrSkipMethod(StepInterceptor.java:180)
	at net.thucydides.core.steps.StepInterceptor.testStepResult(StepInterceptor.java:167)
	at net.thucydides.core.steps.StepInterceptor.intercept(StepInterceptor.java:75)
	at co.com.choucair.certification.choucairPrueba.tasks.Location$ByteBuddy$g3gFxN9I.performAs(Unknown Source)
	at net.serenitybdd.screenplay.Actor.performTask(Actor.java:233)
	at net.serenitybdd.screenplay.Actor.perform(Actor.java:214)
	at net.serenitybdd.screenplay.Actor.attemptsTo(Actor.java:171)
	at net.serenitybdd.screenplay.Actor.wasAbleTo(Actor.java:158)
	at co.com.choucair.certification.choucairPrueba.stepdefinitions.UtestStepDefinitions.assigneeCityAndPasswordContinueUse(UtestStepDefinitions.java:31)
	at ✽.assignee city and password continue use(src/test/resources/features/utest.feature:11)
</pre>
</span>
</div>
</div>
<div id="tab1" class="tab">
<h2>Tests</h2>
<table>
<thead>
<tr>
<th>Test</th>
<th>Duration</th>
<th>Result</th>
</tr>
</thead>
<tr>
<td class="failures">Create new user in Utest.com</td>
<td class="failures">38.811s</td>
<td class="failures">failed</td>
</tr>
</table>
</div>
<div id="tab2" class="tab">
<h2>Standard error</h2>
<span class="code">
<pre>[Test worker] WARN net.thucydides.core.steps.BaseStepListener - stepStarted: net.thucydides.core.steps.ExecutedStepDescription@17f22b55
[Test worker] WARN net.thucydides.core.steps.BaseStepListener - stepStarted: net.thucydides.core.steps.ExecutedStepDescription@2512f550
[Test worker] WARN net.thucydides.core.steps.BaseStepListener - stepStarted: net.thucydides.core.steps.ExecutedStepDescription@2a253105
oct 22, 2021 3:29:47 PM org.openqa.selenium.remote.DesiredCapabilities chrome
INFORMACIÓN: Using `new ChromeOptions()` is preferred to `DesiredCapabilities.chrome()`
[Test worker] INFO net.serenitybdd.core.webdriver.driverproviders.ProvideNewDriver - Instantiating driver
[Test worker] INFO net.serenitybdd.core.webdriver.driverproviders.ProvideNewDriver - Driver capabilities: Capabilities {acceptInsecureCerts: false, browserName: chrome, chrome.switches: --start-maximized, goog:chromeOptions: {args: [--start-maximized], extensions: []}, loggingPrefs: org.openqa.selenium.logging..., platform: ANY, version: }
Starting ChromeDriver 94.0.4606.41 (333e85df3c9b656b518b5f1add5ff246365b6c24-refs/branch-heads/4606@{#845}) on port 39591
Only local connections are allowed.
Please see https://chromedriver.chromium.org/security-considerations for suggestions on keeping ChromeDriver safe.
ChromeDriver was started successfully.
oct 22, 2021 3:29:50 PM org.openqa.selenium.remote.ProtocolHandshake createSession
INFORMACIÓN: Detected dialect: W3C
[Test worker] WARN net.thucydides.core.steps.BaseStepListener - stepFinished: current outcome:Create new user in Utest.com:Given than Carlos wants to create user in utest
| strFirstName | strLastName | strEmailAddress | month | day | year | lang |
| Carlos Alberto | Lopez Mazo | jabari73b_j31c@pebih.com | July | 14 | 1997 | spanish | [Carlos open up [Carlos opens the Utest home page]]
[Test worker] WARN net.thucydides.core.steps.BaseStepListener - stepFinished: current outcome:Create new user in Utest.com:Given than Carlos wants to create user in utest
| strFirstName | strLastName | strEmailAddress | month | day | year | lang |
| Carlos Alberto | Lopez Mazo | jabari73b_j31c@pebih.com | July | 14 | 1997 | spanish | [Carlos open up [Carlos opens the Utest home page]]
[Test worker] WARN net.thucydides.core.steps.BaseStepListener - stepStarted: net.thucydides.core.steps.ExecutedStepDescription@5480676
[Test worker] WARN net.thucydides.core.steps.BaseStepListener - stepStarted: net.thucydides.core.steps.ExecutedStepDescription@2cfcc077
[Test worker] WARN net.thucydides.core.steps.BaseStepListener - stepFinished: current outcome:Create new user in Utest.com:Given than Carlos wants to create user in utest
| strFirstName | strLastName | strEmailAddress | month | day | year | lang |
| Carlos Alberto | Lopez Mazo | jabari73b_j31c@pebih.com | July | 14 | 1997 | spanish | [Carlos open up [Carlos opens the Utest home page], Carlos register [Carlos clicks on Button that shows us the form to login]]
[Test worker] WARN net.thucydides.core.steps.BaseStepListener - stepStarted: net.thucydides.core.steps.ExecutedStepDescription@2de44741
[Test worker] WARN net.thucydides.core.steps.BaseStepListener - stepFinished: current outcome:Create new user in Utest.com:Given than Carlos wants to create user in utest
| strFirstName | strLastName | strEmailAddress | month | day | year | lang |
| Carlos Alberto | Lopez Mazo | jabari73b_j31c@pebih.com | July | 14 | 1997 | spanish | [Carlos open up [Carlos opens the Utest home page], Carlos register [Carlos clicks on Button that shows us the form to login, Carlos enters 'Carlos Alberto' into Input space first name]]
[Test worker] WARN net.thucydides.core.steps.BaseStepListener - stepStarted: net.thucydides.core.steps.ExecutedStepDescription@72f9129
[Test worker] WARN net.thucydides.core.steps.BaseStepListener - stepFinished: current outcome:Create new user in Utest.com:Given than Carlos wants to create user in utest
| strFirstName | strLastName | strEmailAddress | month | day | year | lang |
| Carlos Alberto | Lopez Mazo | jabari73b_j31c@pebih.com | July | 14 | 1997 | spanish | [Carlos open up [Carlos opens the Utest home page], Carlos register [Carlos clicks on Button that shows us the form to login, Carlos enters 'Carlos Alberto' into Input space first name, Carlos enters 'Lopez Mazo' into Input space last name]]
[Test worker] WARN net.thucydides.core.steps.BaseStepListener - stepStarted: net.thucydides.core.steps.ExecutedStepDescription@3ad6608e
[Test worker] WARN net.thucydides.core.steps.BaseStepListener - stepFinished: current outcome:Create new user in Utest.com:Given than Carlos wants to create user in utest
| strFirstName | strLastName | strEmailAddress | month | day | year | lang |
| Carlos Alberto | Lopez Mazo | jabari73b_j31c@pebih.com | July | 14 | 1997 | spanish | [Carlos open up [Carlos opens the Utest home page], Carlos register [Carlos clicks on Button that shows us the form to login, Carlos enters 'Carlos Alberto' into Input space first name, Carlos enters 'Lopez Mazo' into Input space last name, Carlos enters 'jabari73b_j31c@pebih.com' into Input space email]]
[Test worker] WARN net.thucydides.core.steps.BaseStepListener - stepStarted: net.thucydides.core.steps.ExecutedStepDescription@40242b7e
[Test worker] WARN net.thucydides.core.steps.BaseStepListener - stepFinished: current outcome:Create new user in Utest.com:Given than Carlos wants to create user in utest
| strFirstName | strLastName | strEmailAddress | month | day | year | lang |
| Carlos Alberto | Lopez Mazo | jabari73b_j31c@pebih.com | July | 14 | 1997 | spanish | [Carlos open up [Carlos opens the Utest home page], Carlos register [Carlos clicks on Button that shows us the form to login, Carlos enters 'Carlos Alberto' into Input space first name, Carlos enters 'Lopez Mazo' into Input space last name, Carlos enters 'jabari73b_j31c@pebih.com' into Input space email, Carlos enters '14' into Input space birth day]]
[Test worker] WARN net.thucydides.core.steps.BaseStepListener - stepStarted: net.thucydides.core.steps.ExecutedStepDescription@362b7dd8
[Test worker] WARN net.thucydides.core.steps.BaseStepListener - stepFinished: current outcome:Create new user in Utest.com:Given than Carlos wants to create user in utest
| strFirstName | strLastName | strEmailAddress | month | day | year | lang |
| Carlos Alberto | Lopez Mazo | jabari73b_j31c@pebih.com | July | 14 | 1997 | spanish | [Carlos open up [Carlos opens the Utest home page], Carlos register [Carlos clicks on Button that shows us the form to login, Carlos enters 'Carlos Alberto' into Input space first name, Carlos enters 'Lopez Mazo' into Input space last name, Carlos enters 'jabari73b_j31c@pebih.com' into Input space email, Carlos enters '14' into Input space birth day, Carlos enters 'July' into Input space birth month]]
[Test worker] WARN net.thucydides.core.steps.BaseStepListener - stepStarted: net.thucydides.core.steps.ExecutedStepDescription@6b3f7356
[Test worker] WARN net.thucydides.core.steps.BaseStepListener - stepFinished: current outcome:Create new user in Utest.com:Given than Carlos wants to create user in utest
| strFirstName | strLastName | strEmailAddress | month | day | year | lang |
| Carlos Alberto | Lopez Mazo | jabari73b_j31c@pebih.com | July | 14 | 1997 | spanish | [Carlos open up [Carlos opens the Utest home page], Carlos register [Carlos clicks on Button that shows us the form to login, Carlos enters 'Carlos Alberto' into Input space first name, Carlos enters 'Lopez Mazo' into Input space last name, Carlos enters 'jabari73b_j31c@pebih.com' into Input space email, Carlos enters '14' into Input space birth day, Carlos enters 'July' into Input space birth month, Carlos enters '1997' into Input space birth year]]
[Test worker] WARN net.thucydides.core.steps.BaseStepListener - stepStarted: net.thucydides.core.steps.ExecutedStepDescription@4008be41
[Test worker] WARN net.thucydides.core.steps.BaseStepListener - stepFinished: current outcome:Create new user in Utest.com:Given than Carlos wants to create user in utest
| strFirstName | strLastName | strEmailAddress | month | day | year | lang |
| Carlos Alberto | Lopez Mazo | jabari73b_j31c@pebih.com | July | 14 | 1997 | spanish | [Carlos open up [Carlos opens the Utest home page], Carlos register [Carlos clicks on Button that shows us the form to login, Carlos enters 'Carlos Alberto' into Input space first name, Carlos enters 'Lopez Mazo' into Input space last name, Carlos enters 'jabari73b_j31c@pebih.com' into Input space email, Carlos enters '14' into Input space birth day, Carlos enters 'July' into Input space birth month, Carlos enters '1997' into Input space birth year, Carlos clicks on Button that shows us the form to login]]
[Test worker] WARN net.thucydides.core.steps.BaseStepListener - stepFinished: current outcome:Create new user in Utest.com:Given than Carlos wants to create user in utest
| strFirstName | strLastName | strEmailAddress | month | day | year | lang |
| Carlos Alberto | Lopez Mazo | jabari73b_j31c@pebih.com | July | 14 | 1997 | spanish | [Carlos open up [Carlos opens the Utest home page], Carlos register [Carlos clicks on Button that shows us the form to login, Carlos enters 'Carlos Alberto' into Input space first name, Carlos enters 'Lopez Mazo' into Input space last name, Carlos enters 'jabari73b_j31c@pebih.com' into Input space email, Carlos enters '14' into Input space birth day, Carlos enters 'July' into Input space birth month, Carlos enters '1997' into Input space birth year, Carlos clicks on Button that shows us the form to login]]
[Test worker] WARN net.thucydides.core.steps.BaseStepListener - stepFinished: current outcome:Create new user in Utest.com:Given than Carlos wants to create user in utest
| strFirstName | strLastName | strEmailAddress | month | day | year | lang |
| Carlos Alberto | Lopez Mazo | jabari73b_j31c@pebih.com | July | 14 | 1997 | spanish | [Carlos open up [Carlos opens the Utest home page], Carlos register [Carlos clicks on Button that shows us the form to login, Carlos enters 'Carlos Alberto' into Input space first name, Carlos enters 'Lopez Mazo' into Input space last name, Carlos enters 'jabari73b_j31c@pebih.com' into Input space email, Carlos enters '14' into Input space birth day, Carlos enters 'July' into Input space birth month, Carlos enters '1997' into Input space birth year, Carlos clicks on Button that shows us the form to login]]
[Test worker] WARN net.thucydides.core.steps.BaseStepListener - stepStarted: net.thucydides.core.steps.ExecutedStepDescription@2bc1cd96
[Test worker] WARN net.thucydides.core.steps.BaseStepListener - stepStarted: net.thucydides.core.steps.ExecutedStepDescription@57a1fb34
[Test worker] WARN net.thucydides.core.steps.BaseStepListener - stepStarted: net.thucydides.core.steps.ExecutedStepDescription@2e8e574a
[Test worker] WARN net.thucydides.core.steps.BaseStepListener - stepFinished: current outcome:Create new user in Utest.com:Given than Carlos wants to create user in utest
| strFirstName | strLastName | strEmailAddress | month | day | year | lang |
| Carlos Alberto | Lopez Mazo | jabari73b_j31c@pebih.com | July | 14 | 1997 | spanish | [Carlos open up [Carlos opens the Utest home page], Carlos register [Carlos clicks on Button that shows us the form to login, Carlos enters 'Carlos Alberto' into Input space first name, Carlos enters 'Lopez Mazo' into Input space last name, Carlos enters 'jabari73b_j31c@pebih.com' into Input space email, Carlos enters '14' into Input space birth day, Carlos enters 'July' into Input space birth month, Carlos enters '1997' into Input space birth year, Carlos clicks on Button that shows us the form to login]], When assignee city and password continue use
| strPassword | strConfirmPassword | strCity | strZip | strCountry |
| 1357Carl+* | 1357Carl+* | Armenia | 630001 | Colombia | [Carlos location [Carlos enters 'Armenia' into Input space city]]
[Test worker] WARN net.thucydides.core.steps.BaseStepListener - stepStarted: net.thucydides.core.steps.ExecutedStepDescription@7e5fddf
[Test worker] WARN net.thucydides.core.steps.BaseStepListener - stepFinished: current outcome:Create new user in Utest.com:Given than Carlos wants to create user in utest
| strFirstName | strLastName | strEmailAddress | month | day | year | lang |
| Carlos Alberto | Lopez Mazo | jabari73b_j31c@pebih.com | July | 14 | 1997 | spanish | [Carlos open up [Carlos opens the Utest home page], Carlos register [Carlos clicks on Button that shows us the form to login, Carlos enters 'Carlos Alberto' into Input space first name, Carlos enters 'Lopez Mazo' into Input space last name, Carlos enters 'jabari73b_j31c@pebih.com' into Input space email, Carlos enters '14' into Input space birth day, Carlos enters 'July' into Input space birth month, Carlos enters '1997' into Input space birth year, Carlos clicks on Button that shows us the form to login]], When assignee city and password continue use
| strPassword | strConfirmPassword | strCity | strZip | strCountry |
| 1357Carl+* | 1357Carl+* | Armenia | 630001 | Colombia | [Carlos location [Carlos enters 'Armenia' into Input space city, Carlos waiting]]
[Test worker] WARN net.thucydides.core.steps.BaseStepListener - stepStarted: net.thucydides.core.steps.ExecutedStepDescription@24a81b97
[Test worker] WARN net.thucydides.core.steps.BaseStepListener - stepFinished: current outcome:Create new user in Utest.com:Given than Carlos wants to create user in utest
| strFirstName | strLastName | strEmailAddress | month | day | year | lang |
| Carlos Alberto | Lopez Mazo | jabari73b_j31c@pebih.com | July | 14 | 1997 | spanish | [Carlos open up [Carlos opens the Utest home page], Carlos register [Carlos clicks on Button that shows us the form to login, Carlos enters 'Carlos Alberto' into Input space first name, Carlos enters 'Lopez Mazo' into Input space last name, Carlos enters 'jabari73b_j31c@pebih.com' into Input space email, Carlos enters '14' into Input space birth day, Carlos enters 'July' into Input space birth month, Carlos enters '1997' into Input space birth year, Carlos clicks on Button that shows us the form to login]], When assignee city and password continue use
| strPassword | strConfirmPassword | strCity | strZip | strCountry |
| 1357Carl+* | 1357Carl+* | Armenia | 630001 | Colombia | [Carlos location [Carlos enters 'Armenia' into Input space city, Carlos waiting, Carlos types 'DOWN' in Input space city]]
[Test worker] WARN net.thucydides.core.steps.BaseStepListener - stepStarted: net.thucydides.core.steps.ExecutedStepDescription@51d34b8e
[Test worker] WARN net.thucydides.core.steps.BaseStepListener - stepFinished: current outcome:Create new user in Utest.com:Given than Carlos wants to create user in utest
| strFirstName | strLastName | strEmailAddress | month | day | year | lang |
| Carlos Alberto | Lopez Mazo | jabari73b_j31c@pebih.com | July | 14 | 1997 | spanish | [Carlos open up [Carlos opens the Utest home page], Carlos register [Carlos clicks on Button that shows us the form to login, Carlos enters 'Carlos Alberto' into Input space first name, Carlos enters 'Lopez Mazo' into Input space last name, Carlos enters 'jabari73b_j31c@pebih.com' into Input space email, Carlos enters '14' into Input space birth day, Carlos enters 'July' into Input space birth month, Carlos enters '1997' into Input space birth year, Carlos clicks on Button that shows us the form to login]], When assignee city and password continue use
| strPassword | strConfirmPassword | strCity | strZip | strCountry |
| 1357Carl+* | 1357Carl+* | Armenia | 630001 | Colombia | [Carlos location [Carlos enters 'Armenia' into Input space city, Carlos waiting, Carlos types 'DOWN' in Input space city, Carlos types 'ENTER' in Input space city]]
[Test worker] WARN net.thucydides.core.steps.BaseStepListener - stepStarted: net.thucydides.core.steps.ExecutedStepDescription@44f67db6
[Test worker] WARN net.thucydides.core.steps.BaseStepListener - stepFinished: current outcome:Create new user in Utest.com:Given than Carlos wants to create user in utest
| strFirstName | strLastName | strEmailAddress | month | day | year | lang |
| Carlos Alberto | Lopez Mazo | jabari73b_j31c@pebih.com | July | 14 | 1997 | spanish | [Carlos open up [Carlos opens the Utest home page], Carlos register [Carlos clicks on Button that shows us the form to login, Carlos enters 'Carlos Alberto' into Input space first name, Carlos enters 'Lopez Mazo' into Input space last name, Carlos enters 'jabari73b_j31c@pebih.com' into Input space email, Carlos enters '14' into Input space birth day, Carlos enters 'July' into Input space birth month, Carlos enters '1997' into Input space birth year, Carlos clicks on Button that shows us the form to login]], When assignee city and password continue use
| strPassword | strConfirmPassword | strCity | strZip | strCountry |
| 1357Carl+* | 1357Carl+* | Armenia | 630001 | Colombia | [Carlos location [Carlos enters 'Armenia' into Input space city, Carlos waiting, Carlos types 'DOWN' in Input space city, Carlos types 'ENTER' in Input space city, Carlos enters '630001' into Input space code zip]]
[Test worker] WARN net.thucydides.core.steps.BaseStepListener - stepStarted: net.thucydides.core.steps.ExecutedStepDescription@5d0af2ff
[Test worker] WARN net.thucydides.core.steps.BaseStepListener - stepStarted: net.thucydides.core.steps.ExecutedStepDescription@17c041b0
[Test worker] WARN net.thucydides.core.steps.BaseStepListener - testFinished: Create new user in Utest.com:Given than Carlos wants to create user in utest
| strFirstName | strLastName | strEmailAddress | month | day | year | lang |
| Carlos Alberto | Lopez Mazo | jabari73b_j31c@pebih.com | July | 14 | 1997 | spanish | [Carlos open up [Carlos opens the Utest home page], Carlos register [Carlos clicks on Button that shows us the form to login, Carlos enters 'Carlos Alberto' into Input space first name, Carlos enters 'Lopez Mazo' into Input space last name, Carlos enters 'jabari73b_j31c@pebih.com' into Input space email, Carlos enters '14' into Input space birth day, Carlos enters 'July' into Input space birth month, Carlos enters '1997' into Input space birth year, Carlos clicks on Button that shows us the form to login]], When assignee city and password continue use
| strPassword | strConfirmPassword | strCity | strZip | strCountry |
| 1357Carl+* | 1357Carl+* | Armenia | 630001 | Colombia | [Carlos location [Carlos enters 'Armenia' into Input space city, Carlos waiting, Carlos types 'DOWN' in Input space city, Carlos types 'ENTER' in Input space city, Carlos enters '630001' into Input space code zip, Carlos enters 'Colombia' into Input space country]], Then he finds the page init
| strConfirmPage |
| Aun no lo se |
[Test worker] WARN net.thucydides.core.steps.BaseStepListener - TestOutcomes: [Create new user in Utest.com:Given than Carlos wants to create user in utest
| strFirstName | strLastName | strEmailAddress | month | day | year | lang |
| Carlos Alberto | Lopez Mazo | jabari73b_j31c@pebih.com | July | 14 | 1997 | spanish | [Carlos open up [Carlos opens the Utest home page], Carlos register [Carlos clicks on Button that shows us the form to login, Carlos enters 'Carlos Alberto' into Input space first name, Carlos enters 'Lopez Mazo' into Input space last name, Carlos enters 'jabari73b_j31c@pebih.com' into Input space email, Carlos enters '14' into Input space birth day, Carlos enters 'July' into Input space birth month, Carlos enters '1997' into Input space birth year, Carlos clicks on Button that shows us the form to login]], When assignee city and password continue use
| strPassword | strConfirmPassword | strCity | strZip | strCountry |
| 1357Carl+* | 1357Carl+* | Armenia | 630001 | Colombia | [Carlos location [Carlos enters 'Armenia' into Input space city, Carlos waiting, Carlos types 'DOWN' in Input space city, Carlos types 'ENTER' in Input space city, Carlos enters '630001' into Input space code zip, Carlos enters 'Colombia' into Input space country]], Then he finds the page init
| strConfirmPage |
| Aun no lo se |]
[Test worker] WARN net.thucydides.core.steps.BaseStepListener - Final testOutcomes: [Create new user in Utest.com:Given than Carlos wants to create user in utest
| strFirstName | strLastName | strEmailAddress | month | day | year | lang |
| Carlos Alberto | Lopez Mazo | jabari73b_j31c@pebih.com | July | 14 | 1997 | spanish | [Carlos open up [Carlos opens the Utest home page], Carlos register [Carlos clicks on Button that shows us the form to login, Carlos enters 'Carlos Alberto' into Input space first name, Carlos enters 'Lopez Mazo' into Input space last name, Carlos enters 'jabari73b_j31c@pebih.com' into Input space email, Carlos enters '14' into Input space birth day, Carlos enters 'July' into Input space birth month, Carlos enters '1997' into Input space birth year, Carlos clicks on Button that shows us the form to login]], When assignee city and password continue use
| strPassword | strConfirmPassword | strCity | strZip | strCountry |
| 1357Carl+* | 1357Carl+* | Armenia | 630001 | Colombia | [Carlos location [Carlos enters 'Armenia' into Input space city, Carlos waiting, Carlos types 'DOWN' in Input space city, Carlos types 'ENTER' in Input space city, Carlos enters '630001' into Input space code zip, Carlos enters 'Colombia' into Input space country]], Then he finds the page init
| strConfirmPage |
| Aun no lo se |]
[Test worker] ERROR net.thucydides.core.steps.ConsoleLoggingListener - 
           __  _____ _____ ____ _____   _____ _    ___ _     _____ ____  
  _       / / |_   _| ____/ ___|_   _| |  ___/ \  |_ _| |   | ____|  _ \ 
 (_)_____| |    | | |  _| \___ \ | |   | |_ / _ \  | || |   |  _| | | | |
  _|_____| |    | | | |___ ___) || |   |  _/ ___ \ | || |___| |___| |_| |
 (_)     | |    |_| |_____|____/ |_|   |_|/_/   \_\___|_____|_____|____/ 
          \_\                                                            

TEST FAILED WITH ERROR: Create new user in Utest.com
---------------------------------------------------------------------
[Test worker] ERROR net.thucydides.core.steps.ConsoleLoggingListener - TEST FAILED AT STEP Carlos enters 'Colombia' into Input space country
[Test worker] ERROR net.thucydides.core.steps.ConsoleLoggingListener - element not interactable
</pre>
</span>
</div>
</div>
<div id="footer">
<p>
<div>
<label class="hidden" id="label-for-line-wrapping-toggle" for="line-wrapping-toggle">Wrap lines
<input id="line-wrapping-toggle" type="checkbox" autocomplete="off"/>
</label>
</div>Generated by 
<a href="http://www.gradle.org">Gradle 6.8</a> at 22/10/2021 03:30:27 PM</p>
</div>
</div>
</body>
</html>
